TN:
SF:src/components/ImageOption.js
FN:23,(anonymous_0)
FN:29,(anonymous_1)
FNF:2
FNH:2
FNDA:1,(anonymous_0)
FNDA:18,(anonymous_1)
DA:4,1
DA:24,1
DA:30,18
DA:36,1
LF:4
LH:4
BRF:0
BRH:0
end_of_record
TN:
SF:src/components/InputField.js
FN:199,(anonymous_0)
FN:207,(anonymous_1)
FN:211,(anonymous_2)
FNF:3
FNH:2
FNDA:1,(anonymous_0)
FNDA:0,(anonymous_1)
FNDA:4,(anonymous_2)
DA:5,1
DA:200,1
DA:208,0
DA:212,4
DA:220,1
LF:5
LH:4
BRDA:215,0,0,4
BRDA:215,0,1,0
BRF:2
BRH:1
end_of_record
TN:
SF:src/components/MainButton.js
FN:30,(anonymous_0)
FN:37,(anonymous_1)
FNF:2
FNH:2
FNDA:1,(anonymous_0)
FNDA:5,(anonymous_1)
DA:4,1
DA:31,1
DA:38,5
DA:43,1
LF:4
LH:4
BRF:0
BRH:0
end_of_record
TN:
SF:src/model/Game.js
FN:5,(anonymous_0)
FN:11,(anonymous_1)
FN:27,(anonymous_2)
FNF:3
FNH:3
FNDA:5,(anonymous_0)
FNDA:5,(anonymous_1)
FNDA:2,(anonymous_2)
DA:6,5
DA:7,5
DA:8,5
DA:12,5
DA:13,1
DA:14,4
DA:19,2
DA:20,2
DA:22,2
DA:24,5
DA:28,2
DA:29,2
LF:12
LH:12
BRDA:12,0,0,1
BRDA:12,0,1,4
BRDA:14,1,0,2
BRDA:14,1,1,2
BRDA:28,2,0,2
BRDA:28,2,1,0
BRF:6
BRH:5
end_of_record
TN:
SF:src/model/Machine.js
FN:5,(anonymous_0)
FN:10,(anonymous_1)
FN:12,(anonymous_2)
FN:13,(anonymous_3)
FNF:4
FNH:4
FNDA:5,(anonymous_0)
FNDA:2,(anonymous_1)
FNDA:2,(anonymous_2)
FNDA:1,(anonymous_3)
DA:6,5
DA:7,5
DA:11,2
DA:12,2
DA:13,2
DA:14,1
LF:6
LH:6
BRF:0
BRH:0
end_of_record
TN:
SF:src/model/User.js
FN:5,(anonymous_0)
FN:10,(anonymous_1)
FN:14,(anonymous_2)
FNF:3
FNH:3
FNDA:11,(anonymous_0)
FNDA:5,(anonymous_1)
FNDA:4,(anonymous_2)
DA:6,11
DA:7,11
DA:11,5
DA:15,4
DA:16,4
LF:5
LH:5
BRF:0
BRH:0
end_of_record
TN:
SF:src/model/base/BasePlayer.js
FN:2,(anonymous_0)
FN:7,(anonymous_1)
FNF:2
FNH:2
FNDA:17,(anonymous_0)
FNDA:14,(anonymous_1)
DA:3,17
DA:4,17
DA:8,14
LF:3
LH:3
BRF:0
BRH:0
end_of_record
TN:
SF:src/util/Builder.js
FN:7,(anonymous_0)
FN:12,(anonymous_1)
FN:16,(anonymous_2)
FNF:3
FNH:3
FNDA:1,(anonymous_0)
FNDA:2,(anonymous_1)
FNDA:1,(anonymous_2)
DA:8,1
DA:9,1
DA:13,2
DA:17,1
LF:4
LH:4
BRDA:8,0,0,1
BRDA:8,0,1,1
BRF:2
BRH:2
end_of_record
TN:
SF:src/util/Constants.js
FNF:0
FNH:0
DA:1,1
DA:19,1
DA:21,1
DA:25,1
LF:4
LH:4
BRF:0
BRH:0
end_of_record
TN:
SF:src/util/EventFirer.js
FN:2,(anonymous_0)
FNF:1
FNH:1
FNDA:2,(anonymous_0)
DA:3,2
LF:1
LH:1
BRF:0
BRH:0
end_of_record
TN:
SF:src/util/Persistence.js
FN:3,(anonymous_0)
FN:7,(anonymous_1)
FNF:2
FNH:2
FNDA:4,(anonymous_0)
FNDA:6,(anonymous_1)
DA:4,4
DA:8,6
LF:2
LH:2
BRF:0
BRH:0
end_of_record
TN:
SF:src/view/EnvironmentView.js
FN:12,(anonymous_0)
FN:18,(anonymous_1)
FN:22,(anonymous_2)
FNF:3
FNH:3
FNDA:1,(anonymous_0)
FNDA:1,(anonymous_1)
FNDA:3,(anonymous_2)
DA:6,1
DA:13,1
DA:19,1
DA:23,3
DA:35,1
LF:5
LH:5
BRDA:25,0,0,1
BRDA:25,0,1,2
BRF:2
BRH:2
end_of_record
TN:
SF:src/view/GameView.js
FN:106,(anonymous_0)
FN:115,(anonymous_1)
FN:131,(anonymous_2)
FN:141,(anonymous_3)
FN:147,(anonymous_4)
FN:151,(anonymous_5)
FN:162,(anonymous_6)
FN:166,(anonymous_7)
FNF:8
FNH:8
FNDA:1,(anonymous_0)
FNDA:2,(anonymous_1)
FNDA:3,(anonymous_2)
FNDA:5,(anonymous_3)
FNDA:1,(anonymous_4)
FNDA:9,(anonymous_5)
FNDA:27,(anonymous_6)
FNDA:1,(anonymous_7)
DA:10,1
DA:107,1
DA:116,2
DA:117,2
DA:118,2
DA:119,2
DA:120,2
DA:121,2
DA:125,2
DA:126,1
DA:127,1
DA:128,1
DA:132,3
DA:142,5
DA:148,1
DA:152,9
DA:163,27
DA:166,1
DA:180,1
LF:19
LH:19
BRDA:135,0,0,1
BRDA:135,0,1,2
BRDA:142,1,0,3
BRDA:142,1,1,2
BRDA:174,2,0,3
BRDA:174,2,1,6
BRDA:175,3,0,1
BRDA:175,3,1,8
BRF:8
BRH:8
end_of_record
TN:
SF:src/view/HomeView.js
FN:38,(anonymous_0)
FN:44,(anonymous_1)
FN:49,(anonymous_2)
FN:58,(anonymous_3)
FN:66,(anonymous_4)
FNF:5
FNH:5
FNDA:1,(anonymous_0)
FNDA:7,(anonymous_1)
FNDA:2,(anonymous_2)
FNDA:1,(anonymous_3)
FNDA:5,(anonymous_4)
DA:9,1
DA:39,1
DA:45,7
DA:46,7
DA:50,2
DA:51,2
DA:52,1
DA:54,1
DA:59,1
DA:67,5
DA:88,1
LF:11
LH:11
BRDA:51,0,0,1
BRDA:51,0,1,1
BRDA:51,1,0,2
BRDA:51,1,1,2
BRF:4
BRH:4
end_of_record
